2019-11-14 19:13:18.808  INFO 7144 --- [main] c.y.alarmserver.AlarmServerApplication   : Starting AlarmServerApplication on DESKTOP-6CT2JM7 with PID 7144 (C:\Users\Yaso\Documents\MYDOC\JAVA\sf_alarm\alarm_server\target\classes started by Yaso in C:\Users\Yaso\Documents\MYDOC\JAVA\sf_alarm\alarm_server)
2019-11-14 19:13:18.816  INFO 7144 --- [main] c.y.alarmserver.AlarmServerApplication   : The following profiles are active: dev
2019-11-14 19:13:20.498  INFO 7144 --- [main] .s.d.r.c.RepositoryConfigurationDelegate : Bootstrapping Spring Data repositories in DEFAULT mode.
2019-11-14 19:13:20.535  INFO 7144 --- [main] .s.d.r.c.RepositoryConfigurationDelegate : Finished Spring Data repository scanning in 33ms. Found 0 repository interfaces.
2019-11-14 19:13:20.984  INFO 7144 --- [main] trationDelegate$BeanPostProcessorChecker : Bean 'org.springframework.security.config.annotation.configuration.ObjectPostProcessorConfiguration' of type [org.springframework.security.config.annotation.configuration.ObjectPostProcessorConfiguration$$EnhancerBySpringCGLIB$$5133b9d3] is not eligible for getting processed by all BeanPostProcessors (for example: not eligible for auto-proxying)
2019-11-14 19:13:20.998  INFO 7144 --- [main] trationDelegate$BeanPostProcessorChecker : Bean 'org.springframework.transaction.annotation.ProxyTransactionManagementConfiguration' of type [org.springframework.transaction.annotation.ProxyTransactionManagementConfiguration$$EnhancerBySpringCGLIB$$b885f199] is not eligible for getting processed by all BeanPostProcessors (for example: not eligible for auto-proxying)
2019-11-14 19:13:21.020  INFO 7144 --- [main] trationDelegate$BeanPostProcessorChecker : Bean 'objectPostProcessor' of type [org.springframework.security.config.annotation.configuration.AutowireBeanFactoryObjectPostProcessor] is not eligible for getting processed by all BeanPostProcessors (for example: not eligible for auto-proxying)
2019-11-14 19:13:21.023  INFO 7144 --- [main] trationDelegate$BeanPostProcessorChecker : Bean 'org.springframework.security.access.expression.method.DefaultMethodSecurityExpressionHandler@13da7ab0' of type [org.springframework.security.access.expression.method.DefaultMethodSecurityExpressionHandler] is not eligible for getting processed by all BeanPostProcessors (for example: not eligible for auto-proxying)
2019-11-14 19:13:21.026  INFO 7144 --- [main] trationDelegate$BeanPostProcessorChecker : Bean 'org.springframework.security.config.annotation.method.configuration.GlobalMethodSecurityConfiguration' of type [org.springframework.security.config.annotation.method.configuration.GlobalMethodSecurityConfiguration$$EnhancerBySpringCGLIB$$76085c85] is not eligible for getting processed by all BeanPostProcessors (for example: not eligible for auto-proxying)
2019-11-14 19:13:21.032  INFO 7144 --- [main] trationDelegate$BeanPostProcessorChecker : Bean 'methodSecurityMetadataSource' of type [org.springframework.security.access.method.DelegatingMethodSecurityMetadataSource] is not eligible for getting processed by all BeanPostProcessors (for example: not eligible for auto-proxying)
2019-11-14 19:13:21.408  INFO 7144 --- [main] o.s.b.w.embedded.tomcat.TomcatWebServer  : Tomcat initialized with port(s): 8086 (http)
2019-11-14 19:13:21.442  INFO 7144 --- [main] o.apache.catalina.core.StandardService   : Starting service [Tomcat]
2019-11-14 19:13:21.442  INFO 7144 --- [main] org.apache.catalina.core.StandardEngine  : Starting Servlet engine: [Apache Tomcat/9.0.24]
2019-11-14 19:13:21.628  INFO 7144 --- [main] o.a.c.c.C.[Tomcat].[localhost].[/]       : Initializing Spring embedded WebApplicationContext
2019-11-14 19:13:21.629  INFO 7144 --- [main] o.s.web.context.ContextLoader            : Root WebApplicationContext: initialization completed in 2685 ms
2019-11-14 19:13:22.308  INFO 7144 --- [main] com.alibaba.druid.pool.DruidDataSource   : {dataSource-1} inited
2019-11-14 19:13:22.751  INFO 7144 --- [main] o.s.s.concurrent.ThreadPoolTaskExecutor  : Initializing ExecutorService 'clientInboundChannelExecutor'
2019-11-14 19:13:22.760  INFO 7144 --- [main] o.s.s.concurrent.ThreadPoolTaskExecutor  : Initializing ExecutorService 'clientOutboundChannelExecutor'
2019-11-14 19:13:22.916  INFO 7144 --- [main] o.s.s.web.DefaultSecurityFilterChain     : Creating filter chain: Ant [pattern='/'], []
2019-11-14 19:13:22.916  INFO 7144 --- [main] o.s.s.web.DefaultSecurityFilterChain     : Creating filter chain: Ant [pattern='/alarmInfo'], []
2019-11-14 19:13:22.916  INFO 7144 --- [main] o.s.s.web.DefaultSecurityFilterChain     : Creating filter chain: Ant [pattern='/employeeInfo'], []
2019-11-14 19:13:22.916  INFO 7144 --- [main] o.s.s.web.DefaultSecurityFilterChain     : Creating filter chain: Ant [pattern='/getSumInfos'], []
2019-11-14 19:13:22.962  INFO 7144 --- [main] o.s.s.web.DefaultSecurityFilterChain     : Creating filter chain: any request, [org.springframework.security.web.context.request.async.WebAsyncManagerIntegrationFilter@48499739, org.springframework.security.web.context.SecurityContextPersistenceFilter@75bd28d, org.springframework.security.web.header.HeaderWriterFilter@79252c83, org.springframework.security.web.authentication.logout.LogoutFilter@584ca390, org.springframework.security.web.authentication.UsernamePasswordAuthenticationFilter@629075f4, org.springframework.security.web.savedrequest.RequestCacheAwareFilter@11810917, org.springframework.security.web.servletapi.SecurityContextHolderAwareRequestFilter@7781263c, org.springframework.security.web.authentication.AnonymousAuthenticationFilter@723742b2, org.springframework.security.web.session.SessionManagementFilter@509a6095, org.springframework.security.web.access.ExceptionTranslationFilter@50cdfafa, org.springframework.security.web.access.intercept.FilterSecurityInterceptor@561f9d92]
2019-11-14 19:13:22.992  INFO 7144 --- [main] o.s.s.c.ThreadPoolTaskScheduler          : Initializing ExecutorService 'messageBrokerTaskScheduler'
2019-11-14 19:13:23.039  INFO 7144 --- [main] o.s.s.concurrent.ThreadPoolTaskExecutor  : Initializing ExecutorService 'brokerChannelExecutor'
2019-11-14 19:13:23.383  WARN 7144 --- [main] ion$DefaultTemplateResolverConfiguration : Cannot find template location: classpath:/templates/ (please add some templates or check your Thymeleaf configuration)
2019-11-14 19:13:23.606  INFO 7144 --- [main] o.s.m.s.b.SimpleBrokerMessageHandler     : Starting...
2019-11-14 19:13:23.606  INFO 7144 --- [main] o.s.m.s.b.SimpleBrokerMessageHandler     : BrokerAvailabilityEvent[available=true, SimpleBrokerMessageHandler [DefaultSubscriptionRegistry[cache[0 destination(s)], registry[0 sessions]]]]
2019-11-14 19:13:23.607  INFO 7144 --- [main] o.s.m.s.b.SimpleBrokerMessageHandler     : Started.
2019-11-14 19:13:23.651  INFO 7144 --- [main] o.s.b.w.embedded.tomcat.TomcatWebServer  : Tomcat started on port(s): 8086 (http) with context path ''
2019-11-14 19:13:23.655  INFO 7144 --- [main] c.y.alarmserver.AlarmServerApplication   : Started AlarmServerApplication in 5.477 seconds (JVM running for 7.107)
2019-11-14 19:13:40.514  WARN 7144 --- [From YasoThreadFactory's modbus-Worker-1] c.y.alarmserver.component.ModbusCom      : com.ghgande.j2mod.modbus.ModbusIOException: I/O exception - failed to read response for request [11 02 00 22 00 01] - Cannot read from serial port
2019-11-14 19:13:59.832  WARN 7144 --- [From YasoThreadFactory's modbus-Worker-1] c.y.alarmserver.component.ModbusCom      : com.ghgande.j2mod.modbus.ModbusIOException: I/O exception - failed to read response for request [11 02 00 22 00 01] - Cannot read from serial port
2019-11-14 19:14:17.029  WARN 7144 --- [From YasoThreadFactory's modbus-Worker-1] c.y.alarmserver.component.ModbusCom      : com.ghgande.j2mod.modbus.ModbusIOException: I/O exception - failed to read response for request [11 02 00 22 00 01] - Cannot read from serial port
2019-11-14 19:14:23.039  INFO 7144 --- [MessageBroker-4] o.s.w.s.c.WebSocketMessageBrokerStats    : WebSocketSession[0 current WS(0)-HttpStream(0)-HttpPoll(0), 0 total, 0 closed abnormally (0 connect failure, 0 send limit, 0 transport error)], stompSubProtocol[processed CONNECT(0)-CONNECTED(0)-DISCONNECT(0)], stompBrokerRelay[null], inboundChannel[pool size = 0, active threads = 0, queued tasks = 0, completed tasks = 0], outboundChannel[pool size = 0, active threads = 0, queued tasks = 0, completed tasks = 0], sockJsScheduler[pool size = 4, active threads = 1, queued tasks = 3, completed tasks = 101]
2019-11-14 19:14:36.711  WARN 7144 --- [From YasoThreadFactory's modbus-Worker-1] c.y.alarmserver.component.ModbusCom      : com.ghgande.j2mod.modbus.ModbusIOException: I/O exception - failed to read response for request [11 02 00 22 00 01] - Cannot read from serial port
2019-11-14 19:14:55.013  WARN 7144 --- [From YasoThreadFactory's modbus-Worker-1] c.y.alarmserver.component.ModbusCom      : com.ghgande.j2mod.modbus.ModbusIOException: I/O exception - failed to read response for request [11 02 00 22 00 01] - Cannot read from serial port
2019-11-14 19:24:37.588  INFO 6384 --- [main] c.y.alarmserver.AlarmServerApplication   : Starting AlarmServerApplication on DESKTOP-6CT2JM7 with PID 6384 (C:\Users\Yaso\Documents\MYDOC\JAVA\sf_alarm\alarm_server\target\classes started by Yaso in C:\Users\Yaso\Documents\MYDOC\JAVA\sf_alarm\alarm_server)
2019-11-14 19:24:37.592  INFO 6384 --- [main] c.y.alarmserver.AlarmServerApplication   : The following profiles are active: dev
2019-11-14 19:24:39.687  INFO 6384 --- [main] .s.d.r.c.RepositoryConfigurationDelegate : Bootstrapping Spring Data repositories in DEFAULT mode.
2019-11-14 19:24:39.727  INFO 6384 --- [main] .s.d.r.c.RepositoryConfigurationDelegate : Finished Spring Data repository scanning in 35ms. Found 0 repository interfaces.
2019-11-14 19:24:40.368  INFO 6384 --- [main] trationDelegate$BeanPostProcessorChecker : Bean 'org.springframework.security.config.annotation.configuration.ObjectPostProcessorConfiguration' of type [org.springframework.security.config.annotation.configuration.ObjectPostProcessorConfiguration$$EnhancerBySpringCGLIB$$c3d36687] is not eligible for getting processed by all BeanPostProcessors (for example: not eligible for auto-proxying)
2019-11-14 19:24:40.393  INFO 6384 --- [main] trationDelegate$BeanPostProcessorChecker : Bean 'org.springframework.transaction.annotation.ProxyTransactionManagementConfiguration' of type [org.springframework.transaction.annotation.ProxyTransactionManagementConfiguration$$EnhancerBySpringCGLIB$$2b259e4d] is not eligible for getting processed by all BeanPostProcessors (for example: not eligible for auto-proxying)
2019-11-14 19:24:40.427  INFO 6384 --- [main] trationDelegate$BeanPostProcessorChecker : Bean 'objectPostProcessor' of type [org.springframework.security.config.annotation.configuration.AutowireBeanFactoryObjectPostProcessor] is not eligible for getting processed by all BeanPostProcessors (for example: not eligible for auto-proxying)
2019-11-14 19:24:40.431  INFO 6384 --- [main] trationDelegate$BeanPostProcessorChecker : Bean 'org.springframework.security.access.expression.method.DefaultMethodSecurityExpressionHandler@5ff2b8ca' of type [org.springframework.security.access.expression.method.DefaultMethodSecurityExpressionHandler] is not eligible for getting processed by all BeanPostProcessors (for example: not eligible for auto-proxying)
2019-11-14 19:24:40.450  INFO 6384 --- [main] trationDelegate$BeanPostProcessorChecker : Bean 'org.springframework.security.config.annotation.method.configuration.GlobalMethodSecurityConfiguration' of type [org.springframework.security.config.annotation.method.configuration.GlobalMethodSecurityConfiguration$$EnhancerBySpringCGLIB$$e8a80939] is not eligible for getting processed by all BeanPostProcessors (for example: not eligible for auto-proxying)
2019-11-14 19:24:40.455  INFO 6384 --- [main] trationDelegate$BeanPostProcessorChecker : Bean 'methodSecurityMetadataSource' of type [org.springframework.security.access.method.DelegatingMethodSecurityMetadataSource] is not eligible for getting processed by all BeanPostProcessors (for example: not eligible for auto-proxying)
2019-11-14 19:24:40.922  INFO 6384 --- [main] o.s.b.w.embedded.tomcat.TomcatWebServer  : Tomcat initialized with port(s): 8086 (http)
2019-11-14 19:24:40.961  INFO 6384 --- [main] o.apache.catalina.core.StandardService   : Starting service [Tomcat]
2019-11-14 19:24:40.961  INFO 6384 --- [main] org.apache.catalina.core.StandardEngine  : Starting Servlet engine: [Apache Tomcat/9.0.24]
2019-11-14 19:24:41.142  INFO 6384 --- [main] o.a.c.c.C.[Tomcat].[localhost].[/]       : Initializing Spring embedded WebApplicationContext
2019-11-14 19:24:41.142  INFO 6384 --- [main] o.s.web.context.ContextLoader            : Root WebApplicationContext: initialization completed in 3472 ms
2019-11-14 19:24:41.941  INFO 6384 --- [main] com.alibaba.druid.pool.DruidDataSource   : {dataSource-1} inited
2019-11-14 19:24:42.578  INFO 6384 --- [main] o.s.s.concurrent.ThreadPoolTaskExecutor  : Initializing ExecutorService 'clientInboundChannelExecutor'
2019-11-14 19:24:42.590  INFO 6384 --- [main] o.s.s.concurrent.ThreadPoolTaskExecutor  : Initializing ExecutorService 'clientOutboundChannelExecutor'
2019-11-14 19:24:42.763  INFO 6384 --- [main] o.s.s.web.DefaultSecurityFilterChain     : Creating filter chain: Ant [pattern='/'], []
2019-11-14 19:24:42.764  INFO 6384 --- [main] o.s.s.web.DefaultSecurityFilterChain     : Creating filter chain: Ant [pattern='/alarmInfo'], []
2019-11-14 19:24:42.765  INFO 6384 --- [main] o.s.s.web.DefaultSecurityFilterChain     : Creating filter chain: Ant [pattern='/employeeInfo'], []
2019-11-14 19:24:42.765  INFO 6384 --- [main] o.s.s.web.DefaultSecurityFilterChain     : Creating filter chain: Ant [pattern='/getSumInfos'], []
2019-11-14 19:24:42.843  INFO 6384 --- [main] o.s.s.web.DefaultSecurityFilterChain     : Creating filter chain: any request, [org.springframework.security.web.context.request.async.WebAsyncManagerIntegrationFilter@2365ea38, org.springframework.security.web.context.SecurityContextPersistenceFilter@785ed99c, org.springframework.security.web.header.HeaderWriterFilter@39d77de9, org.springframework.security.web.authentication.logout.LogoutFilter@6ad6443, org.springframework.security.web.authentication.UsernamePasswordAuthenticationFilter@3ab595c8, org.springframework.security.web.savedrequest.RequestCacheAwareFilter@755b5f30, org.springframework.security.web.servletapi.SecurityContextHolderAwareRequestFilter@47fcefb3, org.springframework.security.web.authentication.AnonymousAuthenticationFilter@cbf1997, org.springframework.security.web.session.SessionManagementFilter@2c06b113, org.springframework.security.web.access.ExceptionTranslationFilter@4cc12db2, org.springframework.security.web.access.intercept.FilterSecurityInterceptor@11810917]
2019-11-14 19:24:42.893  INFO 6384 --- [main] o.s.s.c.ThreadPoolTaskScheduler          : Initializing ExecutorService 'messageBrokerTaskScheduler'
2019-11-14 19:24:42.950  INFO 6384 --- [main] o.s.s.concurrent.ThreadPoolTaskExecutor  : Initializing ExecutorService 'brokerChannelExecutor'
2019-11-14 19:24:43.491  WARN 6384 --- [main] ion$DefaultTemplateResolverConfiguration : Cannot find template location: classpath:/templates/ (please add some templates or check your Thymeleaf configuration)
2019-11-14 19:24:43.757  INFO 6384 --- [main] o.s.m.s.b.SimpleBrokerMessageHandler     : Starting...
2019-11-14 19:24:43.757  INFO 6384 --- [main] o.s.m.s.b.SimpleBrokerMessageHandler     : BrokerAvailabilityEvent[available=true, SimpleBrokerMessageHandler [DefaultSubscriptionRegistry[cache[0 destination(s)], registry[0 sessions]]]]
2019-11-14 19:24:43.759  INFO 6384 --- [main] o.s.m.s.b.SimpleBrokerMessageHandler     : Started.
2019-11-14 19:24:43.804  INFO 6384 --- [main] o.s.b.w.embedded.tomcat.TomcatWebServer  : Tomcat started on port(s): 8086 (http) with context path ''
2019-11-14 19:24:43.809  INFO 6384 --- [main] c.y.alarmserver.AlarmServerApplication   : Started AlarmServerApplication in 7.194 seconds (JVM running for 9.501)
2019-11-14 19:25:01.790  WARN 6384 --- [From YasoThreadFactory's modbus-Worker-1] c.y.alarmserver.component.ModbusCom      : com.ghgande.j2mod.modbus.ModbusIOException: I/O exception - failed to read response for request [11 02 00 22 00 01] - Cannot read from serial port
2019-11-14 19:25:21.427  WARN 6384 --- [From YasoThreadFactory's modbus-Worker-1] c.y.alarmserver.component.ModbusCom      : com.ghgande.j2mod.modbus.ModbusIOException: I/O exception - failed to read response for request [11 02 00 22 00 01] - Cannot read from serial port
2019-11-14 19:25:42.283  WARN 6384 --- [From YasoThreadFactory's modbus-Worker-1] c.y.alarmserver.component.ModbusCom      : com.ghgande.j2mod.modbus.ModbusIOException: I/O exception - failed to read response for request [11 02 00 22 00 01] - Cannot read from serial port
2019-11-14 19:25:42.948  INFO 6384 --- [MessageBroker-2] o.s.w.s.c.WebSocketMessageBrokerStats    : WebSocketSession[0 current WS(0)-HttpStream(0)-HttpPoll(0), 0 total, 0 closed abnormally (0 connect failure, 0 send limit, 0 transport error)], stompSubProtocol[processed CONNECT(0)-CONNECTED(0)-DISCONNECT(0)], stompBrokerRelay[null], inboundChannel[pool size = 0, active threads = 0, queued tasks = 0, completed tasks = 0], outboundChannel[pool size = 0, active threads = 0, queued tasks = 0, completed tasks = 0], sockJsScheduler[pool size = 4, active threads = 1, queued tasks = 3, completed tasks = 101]
2019-11-14 19:26:01.364  WARN 6384 --- [From YasoThreadFactory's modbus-Worker-1] c.y.alarmserver.component.ModbusCom      : com.ghgande.j2mod.modbus.ModbusIOException: I/O exception - failed to read response for request [11 02 00 22 00 01] - Cannot read from serial port
2019-11-14 19:26:20.920  WARN 6384 --- [From YasoThreadFactory's modbus-Worker-1] c.y.alarmserver.component.ModbusCom      : com.ghgande.j2mod.modbus.ModbusIOException: I/O exception - failed to read response for request [11 02 00 22 00 01] - Cannot read from serial port
2019-11-14 19:26:40.180  WARN 6384 --- [From YasoThreadFactory's modbus-Worker-1] c.y.alarmserver.component.ModbusCom      : com.ghgande.j2mod.modbus.ModbusIOException: I/O exception - failed to read response for request [11 02 00 22 00 01] - Cannot read from serial port
2019-11-14 19:26:58.378  WARN 6384 --- [From YasoThreadFactory's modbus-Worker-1] c.y.alarmserver.component.ModbusCom      : com.ghgande.j2mod.modbus.ModbusIOException: I/O exception - failed to read response for request [11 02 00 22 00 01] - Cannot read from serial port
2019-11-14 19:26:59.979  INFO 6384 --- [http-nio-8086-exec-1] o.a.c.c.C.[Tomcat].[localhost].[/]       : Initializing Spring DispatcherServlet 'dispatcherServlet'
2019-11-14 19:26:59.980  INFO 6384 --- [http-nio-8086-exec-1] o.s.web.servlet.DispatcherServlet        : Initializing Servlet 'dispatcherServlet'
2019-11-14 19:26:59.995  INFO 6384 --- [http-nio-8086-exec-1] o.s.web.servlet.DispatcherServlet        : Completed initialization in 14 ms
2019-11-14 19:27:01.126  WARN 6384 --- [http-nio-8086-exec-2] o.a.c.util.SessionIdGeneratorBase        : Creation of SecureRandom instance for session ID generation using [SHA1PRNG] took [190] milliseconds.
2019-11-14 19:27:18.252  WARN 6384 --- [From YasoThreadFactory's modbus-Worker-1] c.y.alarmserver.component.ModbusCom      : com.ghgande.j2mod.modbus.ModbusIOException: I/O exception - failed to read response for request [11 02 00 22 00 01] - Cannot read from serial port
2019-11-14 19:27:36.226  WARN 6384 --- [From YasoThreadFactory's modbus-Worker-1] c.y.alarmserver.component.ModbusCom      : com.ghgande.j2mod.modbus.ModbusIOException: I/O exception - failed to read response for request [11 02 00 22 00 01] - Cannot read from serial port
2019-11-14 19:27:54.379  WARN 6384 --- [From YasoThreadFactory's modbus-Worker-1] c.y.alarmserver.component.ModbusCom      : com.ghgande.j2mod.modbus.ModbusIOException: I/O exception - failed to read response for request [11 02 00 22 00 01] - Cannot read from serial port
2019-11-14 19:28:12.399  WARN 6384 --- [From YasoThreadFactory's modbus-Worker-1] c.y.alarmserver.component.ModbusCom      : com.ghgande.j2mod.modbus.ModbusIOException: I/O exception - failed to read response for request [11 02 00 22 00 01] - Cannot read from serial port
2019-11-14 19:28:20.230  INFO 12588 --- [main] c.y.alarmserver.AlarmServerApplication   : Starting AlarmServerApplication on DESKTOP-6CT2JM7 with PID 12588 (C:\Users\Yaso\Documents\MYDOC\JAVA\sf_alarm\alarm_server\target\classes started by Yaso in C:\Users\Yaso\Documents\MYDOC\JAVA\sf_alarm\alarm_server)
2019-11-14 19:28:20.235  INFO 12588 --- [main] c.y.alarmserver.AlarmServerApplication   : The following profiles are active: dev
2019-11-14 19:28:22.918  INFO 12588 --- [main] .s.d.r.c.RepositoryConfigurationDelegate : Bootstrapping Spring Data repositories in DEFAULT mode.
2019-11-14 19:28:23.095  INFO 12588 --- [main] .s.d.r.c.RepositoryConfigurationDelegate : Finished Spring Data repository scanning in 129ms. Found 0 repository interfaces.
2019-11-14 19:28:24.236  INFO 12588 --- [main] trationDelegate$BeanPostProcessorChecker : Bean 'org.springframework.security.config.annotation.configuration.ObjectPostProcessorConfiguration' of type [org.springframework.security.config.annotation.configuration.ObjectPostProcessorConfiguration$$EnhancerBySpringCGLIB$$90241a26] is not eligible for getting processed by all BeanPostProcessors (for example: not eligible for auto-proxying)
2019-11-14 19:28:24.272  INFO 12588 --- [main] trationDelegate$BeanPostProcessorChecker : Bean 'org.springframework.transaction.annotation.ProxyTransactionManagementConfiguration' of type [org.springframework.transaction.annotation.ProxyTransactionManagementConfiguration$$EnhancerBySpringCGLIB$$f77651ec] is not eligible for getting processed by all BeanPostProcessors (for example: not eligible for auto-proxying)
2019-11-14 19:28:24.351  INFO 12588 --- [main] trationDelegate$BeanPostProcessorChecker : Bean 'objectPostProcessor' of type [org.springframework.security.config.annotation.configuration.AutowireBeanFactoryObjectPostProcessor] is not eligible for getting processed by all BeanPostProcessors (for example: not eligible for auto-proxying)
2019-11-14 19:28:24.359  INFO 12588 --- [main] trationDelegate$BeanPostProcessorChecker : Bean 'org.springframework.security.access.expression.method.DefaultMethodSecurityExpressionHandler@61af1510' of type [org.springframework.security.access.expression.method.DefaultMethodSecurityExpressionHandler] is not eligible for getting processed by all BeanPostProcessors (for example: not eligible for auto-proxying)
2019-11-14 19:28:24.369  INFO 12588 --- [main] trationDelegate$BeanPostProcessorChecker : Bean 'org.springframework.security.config.annotation.method.configuration.GlobalMethodSecurityConfiguration' of type [org.springframework.security.config.annotation.method.configuration.GlobalMethodSecurityConfiguration$$EnhancerBySpringCGLIB$$b4f8bcd8] is not eligible for getting processed by all BeanPostProcessors (for example: not eligible for auto-proxying)
2019-11-14 19:28:24.385  INFO 12588 --- [main] trationDelegate$BeanPostProcessorChecker : Bean 'methodSecurityMetadataSource' of type [org.springframework.security.access.method.DelegatingMethodSecurityMetadataSource] is not eligible for getting processed by all BeanPostProcessors (for example: not eligible for auto-proxying)
2019-11-14 19:28:25.271  INFO 12588 --- [main] o.s.b.w.embedded.tomcat.TomcatWebServer  : Tomcat initialized with port(s): 8086 (http)
2019-11-14 19:28:25.342  INFO 12588 --- [main] o.apache.catalina.core.StandardService   : Starting service [Tomcat]
2019-11-14 19:28:25.343  INFO 12588 --- [main] org.apache.catalina.core.StandardEngine  : Starting Servlet engine: [Apache Tomcat/9.0.24]
2019-11-14 19:28:25.606  INFO 12588 --- [main] o.a.c.c.C.[Tomcat].[localhost].[/]       : Initializing Spring embedded WebApplicationContext
2019-11-14 19:28:25.608  INFO 12588 --- [main] o.s.web.context.ContextLoader            : Root WebApplicationContext: initialization completed in 5240 ms
2019-11-14 19:28:26.750  INFO 12588 --- [main] com.alibaba.druid.pool.DruidDataSource   : {dataSource-1} inited
2019-11-14 19:28:32.922  INFO 13108 --- [main] c.y.alarmserver.AlarmServerApplication   : Starting AlarmServerApplication on DESKTOP-6CT2JM7 with PID 13108 (C:\Users\Yaso\Documents\MYDOC\JAVA\sf_alarm\alarm_server\target\classes started by Yaso in C:\Users\Yaso\Documents\MYDOC\JAVA\sf_alarm\alarm_server)
2019-11-14 19:28:32.925  INFO 13108 --- [main] c.y.alarmserver.AlarmServerApplication   : The following profiles are active: dev
2019-11-14 19:28:34.613  INFO 13108 --- [main] .s.d.r.c.RepositoryConfigurationDelegate : Bootstrapping Spring Data repositories in DEFAULT mode.
2019-11-14 19:28:34.661  INFO 13108 --- [main] .s.d.r.c.RepositoryConfigurationDelegate : Finished Spring Data repository scanning in 43ms. Found 0 repository interfaces.
2019-11-14 19:28:35.141  INFO 13108 --- [main] trationDelegate$BeanPostProcessorChecker : Bean 'org.springframework.security.config.annotation.configuration.ObjectPostProcessorConfiguration' of type [org.springframework.security.config.annotation.configuration.ObjectPostProcessorConfiguration$$EnhancerBySpringCGLIB$$f24b32dc] is not eligible for getting processed by all BeanPostProcessors (for example: not eligible for auto-proxying)
2019-11-14 19:28:35.154  INFO 13108 --- [main] trationDelegate$BeanPostProcessorChecker : Bean 'org.springframework.transaction.annotation.ProxyTransactionManagementConfiguration' of type [org.springframework.transaction.annotation.ProxyTransactionManagementConfiguration$$EnhancerBySpringCGLIB$$599d6aa2] is not eligible for getting processed by all BeanPostProcessors (for example: not eligible for auto-proxying)
2019-11-14 19:28:35.176  INFO 13108 --- [main] trationDelegate$BeanPostProcessorChecker : Bean 'objectPostProcessor' of type [org.springframework.security.config.annotation.configuration.AutowireBeanFactoryObjectPostProcessor] is not eligible for getting processed by all BeanPostProcessors (for example: not eligible for auto-proxying)
2019-11-14 19:28:35.179  INFO 13108 --- [main] trationDelegate$BeanPostProcessorChecker : Bean 'org.springframework.security.access.expression.method.DefaultMethodSecurityExpressionHandler@58860997' of type [org.springframework.security.access.expression.method.DefaultMethodSecurityExpressionHandler] is not eligible for getting processed by all BeanPostProcessors (for example: not eligible for auto-proxying)
2019-11-14 19:28:35.183  INFO 13108 --- [main] trationDelegate$BeanPostProcessorChecker : Bean 'org.springframework.security.config.annotation.method.configuration.GlobalMethodSecurityConfiguration' of type [org.springframework.security.config.annotation.method.configuration.GlobalMethodSecurityConfiguration$$EnhancerBySpringCGLIB$$171fd58e] is not eligible for getting processed by all BeanPostProcessors (for example: not eligible for auto-proxying)
2019-11-14 19:28:35.188  INFO 13108 --- [main] trationDelegate$BeanPostProcessorChecker : Bean 'methodSecurityMetadataSource' of type [org.springframework.security.access.method.DelegatingMethodSecurityMetadataSource] is not eligible for getting processed by all BeanPostProcessors (for example: not eligible for auto-proxying)
2019-11-14 19:28:35.670  INFO 13108 --- [main] o.s.b.w.embedded.tomcat.TomcatWebServer  : Tomcat initialized with port(s): 8086 (http)
2019-11-14 19:28:35.732  INFO 13108 --- [main] o.apache.catalina.core.StandardService   : Starting service [Tomcat]
2019-11-14 19:28:35.733  INFO 13108 --- [main] org.apache.catalina.core.StandardEngine  : Starting Servlet engine: [Apache Tomcat/9.0.24]
2019-11-14 19:28:35.970  INFO 13108 --- [main] o.a.c.c.C.[Tomcat].[localhost].[/]       : Initializing Spring embedded WebApplicationContext
2019-11-14 19:28:35.972  INFO 13108 --- [main] o.s.web.context.ContextLoader            : Root WebApplicationContext: initialization completed in 2926 ms
2019-11-14 19:28:36.815  INFO 13108 --- [main] com.alibaba.druid.pool.DruidDataSource   : {dataSource-1} inited
2019-11-14 19:28:37.445  INFO 13108 --- [main] o.s.s.concurrent.ThreadPoolTaskExecutor  : Initializing ExecutorService 'clientInboundChannelExecutor'
2019-11-14 19:28:37.458  INFO 13108 --- [main] o.s.s.concurrent.ThreadPoolTaskExecutor  : Initializing ExecutorService 'clientOutboundChannelExecutor'
2019-11-14 19:28:37.676  INFO 13108 --- [main] o.s.s.web.DefaultSecurityFilterChain     : Creating filter chain: Ant [pattern='/'], []
2019-11-14 19:28:37.676  INFO 13108 --- [main] o.s.s.web.DefaultSecurityFilterChain     : Creating filter chain: Ant [pattern='/alarmInfo'], []
2019-11-14 19:28:37.677  INFO 13108 --- [main] o.s.s.web.DefaultSecurityFilterChain     : Creating filter chain: Ant [pattern='/employeeInfo'], []
2019-11-14 19:28:37.677  INFO 13108 --- [main] o.s.s.web.DefaultSecurityFilterChain     : Creating filter chain: Ant [pattern='/getSumInfos'], []
2019-11-14 19:28:37.733  INFO 13108 --- [main] o.s.s.web.DefaultSecurityFilterChain     : Creating filter chain: any request, [org.springframework.security.web.context.request.async.WebAsyncManagerIntegrationFilter@51b87df7, org.springframework.security.web.context.SecurityContextPersistenceFilter@2bf2d6eb, org.springframework.security.web.header.HeaderWriterFilter@19fbc594, org.springframework.security.web.authentication.logout.LogoutFilter@3ca3648, org.springframework.security.web.authentication.UsernamePasswordAuthenticationFilter@632cf7d3, org.springframework.security.web.savedrequest.RequestCacheAwareFilter@76a9a009, org.springframework.security.web.servletapi.SecurityContextHolderAwareRequestFilter@342beaf6, org.springframework.security.web.authentication.AnonymousAuthenticationFilter@2315052d, org.springframework.security.web.session.SessionManagementFilter@774d8276, org.springframework.security.web.access.ExceptionTranslationFilter@48f2054d, org.springframework.security.web.access.intercept.FilterSecurityInterceptor@1be52861]
2019-11-14 19:28:37.760  INFO 13108 --- [main] o.s.s.c.ThreadPoolTaskScheduler          : Initializing ExecutorService 'messageBrokerTaskScheduler'
2019-11-14 19:28:37.808  INFO 13108 --- [main] o.s.s.concurrent.ThreadPoolTaskExecutor  : Initializing ExecutorService 'brokerChannelExecutor'
2019-11-14 19:28:38.203  WARN 13108 --- [main] ion$DefaultTemplateResolverConfiguration : Cannot find template location: classpath:/templates/ (please add some templates or check your Thymeleaf configuration)
2019-11-14 19:28:38.460  INFO 13108 --- [main] o.s.m.s.b.SimpleBrokerMessageHandler     : Starting...
2019-11-14 19:28:38.461  INFO 13108 --- [main] o.s.m.s.b.SimpleBrokerMessageHandler     : BrokerAvailabilityEvent[available=true, SimpleBrokerMessageHandler [DefaultSubscriptionRegistry[cache[0 destination(s)], registry[0 sessions]]]]
2019-11-14 19:28:38.462  INFO 13108 --- [main] o.s.m.s.b.SimpleBrokerMessageHandler     : Started.
2019-11-14 19:28:38.504  INFO 13108 --- [main] o.s.b.w.embedded.tomcat.TomcatWebServer  : Tomcat started on port(s): 8086 (http) with context path ''
2019-11-14 19:28:38.507  INFO 13108 --- [main] c.y.alarmserver.AlarmServerApplication   : Started AlarmServerApplication in 6.262 seconds (JVM running for 7.816)
2019-11-14 19:28:56.250  WARN 13108 --- [From YasoThreadFactory's modbus-Worker-1] c.y.alarmserver.component.ModbusCom      : com.ghgande.j2mod.modbus.ModbusIOException: I/O exception - failed to read response for request [11 02 00 22 00 01] - Cannot read from serial port
2019-11-14 19:29:14.816  WARN 13108 --- [From YasoThreadFactory's modbus-Worker-1] c.y.alarmserver.component.ModbusCom      : com.ghgande.j2mod.modbus.ModbusIOException: I/O exception - failed to read response for request [11 02 00 22 00 01] - Cannot read from serial port
2019-11-14 19:29:35.174  WARN 13108 --- [From YasoThreadFactory's modbus-Worker-1] c.y.alarmserver.component.ModbusCom      : com.ghgande.j2mod.modbus.ModbusIOException: I/O exception - failed to read response for request [11 02 00 22 00 01] - Cannot read from serial port
2019-11-14 19:29:37.809  INFO 13108 --- [MessageBroker-1] o.s.w.s.c.WebSocketMessageBrokerStats    : WebSocketSession[0 current WS(0)-HttpStream(0)-HttpPoll(0), 0 total, 0 closed abnormally (0 connect failure, 0 send limit, 0 transport error)], stompSubProtocol[processed CONNECT(0)-CONNECTED(0)-DISCONNECT(0)], stompBrokerRelay[null], inboundChannel[pool size = 0, active threads = 0, queued tasks = 0, completed tasks = 0], outboundChannel[pool size = 0, active threads = 0, queued tasks = 0, completed tasks = 0], sockJsScheduler[pool size = 4, active threads = 1, queued tasks = 3, completed tasks = 101]
2019-11-14 19:29:43.784  INFO 2164 --- [main] c.y.alarmserver.AlarmServerApplication   : Starting AlarmServerApplication on DESKTOP-6CT2JM7 with PID 2164 (C:\Users\Yaso\Documents\MYDOC\JAVA\sf_alarm\alarm_server\target\classes started by Yaso in C:\Users\Yaso\Documents\MYDOC\JAVA\sf_alarm\alarm_server)
2019-11-14 19:29:43.793  INFO 2164 --- [main] c.y.alarmserver.AlarmServerApplication   : The following profiles are active: dev
2019-11-14 19:29:46.360  INFO 2164 --- [main] .s.d.r.c.RepositoryConfigurationDelegate : Bootstrapping Spring Data repositories in DEFAULT mode.
2019-11-14 19:29:46.417  INFO 2164 --- [main] .s.d.r.c.RepositoryConfigurationDelegate : Finished Spring Data repository scanning in 48ms. Found 0 repository interfaces.
2019-11-14 19:29:46.939  INFO 2164 --- [main] trationDelegate$BeanPostProcessorChecker : Bean 'org.springframework.security.config.annotation.configuration.ObjectPostProcessorConfiguration' of type [org.springframework.security.config.annotation.configuration.ObjectPostProcessorConfiguration$$EnhancerBySpringCGLIB$$e0c65ac5] is not eligible for getting processed by all BeanPostProcessors (for example: not eligible for auto-proxying)
2019-11-14 19:29:46.965  INFO 2164 --- [main] trationDelegate$BeanPostProcessorChecker : Bean 'org.springframework.transaction.annotation.ProxyTransactionManagementConfiguration' of type [org.springframework.transaction.annotation.ProxyTransactionManagementConfiguration$$EnhancerBySpringCGLIB$$4818928b] is not eligible for getting processed by all BeanPostProcessors (for example: not eligible for auto-proxying)
2019-11-14 19:29:46.995  INFO 2164 --- [main] trationDelegate$BeanPostProcessorChecker : Bean 'objectPostProcessor' of type [org.springframework.security.config.annotation.configuration.AutowireBeanFactoryObjectPostProcessor] is not eligible for getting processed by all BeanPostProcessors (for example: not eligible for auto-proxying)
2019-11-14 19:29:46.998  INFO 2164 --- [main] trationDelegate$BeanPostProcessorChecker : Bean 'org.springframework.security.access.expression.method.DefaultMethodSecurityExpressionHandler@2eadc9f6' of type [org.springframework.security.access.expression.method.DefaultMethodSecurityExpressionHandler] is not eligible for getting processed by all BeanPostProcessors (for example: not eligible for auto-proxying)
2019-11-14 19:29:47.002  INFO 2164 --- [main] trationDelegate$BeanPostProcessorChecker : Bean 'org.springframework.security.config.annotation.method.configuration.GlobalMethodSecurityConfiguration' of type [org.springframework.security.config.annotation.method.configuration.GlobalMethodSecurityConfiguration$$EnhancerBySpringCGLIB$$59afd77] is not eligible for getting processed by all BeanPostProcessors (for example: not eligible for auto-proxying)
2019-11-14 19:29:47.013  INFO 2164 --- [main] trationDelegate$BeanPostProcessorChecker : Bean 'methodSecurityMetadataSource' of type [org.springframework.security.access.method.DelegatingMethodSecurityMetadataSource] is not eligible for getting processed by all BeanPostProcessors (for example: not eligible for auto-proxying)
2019-11-14 19:29:47.447  INFO 2164 --- [main] o.s.b.w.embedded.tomcat.TomcatWebServer  : Tomcat initialized with port(s): 8086 (http)
2019-11-14 19:29:47.486  INFO 2164 --- [main] o.apache.catalina.core.StandardService   : Starting service [Tomcat]
2019-11-14 19:29:47.486  INFO 2164 --- [main] org.apache.catalina.core.StandardEngine  : Starting Servlet engine: [Apache Tomcat/9.0.24]
2019-11-14 19:29:47.682  INFO 2164 --- [main] o.a.c.c.C.[Tomcat].[localhost].[/]       : Initializing Spring embedded WebApplicationContext
2019-11-14 19:29:47.683  INFO 2164 --- [main] o.s.web.context.ContextLoader            : Root WebApplicationContext: initialization completed in 3766 ms
2019-11-14 19:29:48.480  INFO 2164 --- [main] com.alibaba.druid.pool.DruidDataSource   : {dataSource-1} inited
2019-11-14 19:29:48.904  INFO 2164 --- [main] o.s.s.concurrent.ThreadPoolTaskExecutor  : Initializing ExecutorService 'clientInboundChannelExecutor'
2019-11-14 19:29:48.912  INFO 2164 --- [main] o.s.s.concurrent.ThreadPoolTaskExecutor  : Initializing ExecutorService 'clientOutboundChannelExecutor'
2019-11-14 19:29:49.064  INFO 2164 --- [main] o.s.s.web.DefaultSecurityFilterChain     : Creating filter chain: Ant [pattern='/'], []
2019-11-14 19:29:49.064  INFO 2164 --- [main] o.s.s.web.DefaultSecurityFilterChain     : Creating filter chain: Ant [pattern='/alarmInfo'], []
2019-11-14 19:29:49.064  INFO 2164 --- [main] o.s.s.web.DefaultSecurityFilterChain     : Creating filter chain: Ant [pattern='/employeeInfo'], []
2019-11-14 19:29:49.064  INFO 2164 --- [main] o.s.s.web.DefaultSecurityFilterChain     : Creating filter chain: Ant [pattern='/getSumInfos'], []
2019-11-14 19:29:49.119  INFO 2164 --- [main] o.s.s.web.DefaultSecurityFilterChain     : Creating filter chain: any request, [org.springframework.security.web.context.request.async.WebAsyncManagerIntegrationFilter@7841bd30, org.springframework.security.web.context.SecurityContextPersistenceFilter@27898e13, org.springframework.security.web.header.HeaderWriterFilter@111cba40, org.springframework.security.web.authentication.logout.LogoutFilter@129c4d19, org.springframework.security.web.authentication.UsernamePasswordAuthenticationFilter@1c6a0103, org.springframework.security.web.savedrequest.RequestCacheAwareFilter@58a3d521, org.springframework.security.web.servletapi.SecurityContextHolderAwareRequestFilter@79252c83, org.springframework.security.web.authentication.AnonymousAuthenticationFilter@45c80312, org.springframework.security.web.session.SessionManagementFilter@51e8d066, org.springframework.security.web.access.ExceptionTranslationFilter@4f2ac7e0, org.springframework.security.web.access.intercept.FilterSecurityInterceptor@284990de]
2019-11-14 19:29:49.163  INFO 2164 --- [main] o.s.s.c.ThreadPoolTaskScheduler          : Initializing ExecutorService 'messageBrokerTaskScheduler'
2019-11-14 19:29:49.212  INFO 2164 --- [main] o.s.s.concurrent.ThreadPoolTaskExecutor  : Initializing ExecutorService 'brokerChannelExecutor'
2019-11-14 19:29:49.540  WARN 2164 --- [main] ion$DefaultTemplateResolverConfiguration : Cannot find template location: classpath:/templates/ (please add some templates or check your Thymeleaf configuration)
2019-11-14 19:29:49.833  INFO 2164 --- [main] o.s.m.s.b.SimpleBrokerMessageHandler     : Starting...
2019-11-14 19:29:49.833  INFO 2164 --- [main] o.s.m.s.b.SimpleBrokerMessageHandler     : BrokerAvailabilityEvent[available=true, SimpleBrokerMessageHandler [DefaultSubscriptionRegistry[cache[0 destination(s)], registry[0 sessions]]]]
2019-11-14 19:29:49.834  INFO 2164 --- [main] o.s.m.s.b.SimpleBrokerMessageHandler     : Started.
2019-11-14 19:29:49.877  INFO 2164 --- [main] o.s.b.w.embedded.tomcat.TomcatWebServer  : Tomcat started on port(s): 8086 (http) with context path ''
2019-11-14 19:29:49.880  INFO 2164 --- [main] c.y.alarmserver.AlarmServerApplication   : Started AlarmServerApplication in 6.91 seconds (JVM running for 8.626)
2019-11-14 19:30:07.865  WARN 2164 --- [From YasoThreadFactory's modbus-Worker-1] c.y.alarmserver.component.ModbusCom      : com.ghgande.j2mod.modbus.ModbusIOException: I/O exception - failed to read response for request [11 02 00 22 00 01] - Cannot read from serial port
2019-11-14 19:30:26.314  WARN 2164 --- [From YasoThreadFactory's modbus-Worker-1] c.y.alarmserver.component.ModbusCom      : com.ghgande.j2mod.modbus.ModbusIOException: I/O exception - failed to read response for request [11 02 00 22 00 01] - Cannot read from serial port
2019-11-14 19:30:44.875  WARN 2164 --- [From YasoThreadFactory's modbus-Worker-1] c.y.alarmserver.component.ModbusCom      : com.ghgande.j2mod.modbus.ModbusIOException: I/O exception - failed to read response for request [11 02 00 22 00 01] - Cannot read from serial port
2019-11-14 19:30:49.211  INFO 2164 --- [MessageBroker-1] o.s.w.s.c.WebSocketMessageBrokerStats    : WebSocketSession[0 current WS(0)-HttpStream(0)-HttpPoll(0), 0 total, 0 closed abnormally (0 connect failure, 0 send limit, 0 transport error)], stompSubProtocol[processed CONNECT(0)-CONNECTED(0)-DISCONNECT(0)], stompBrokerRelay[null], inboundChannel[pool size = 0, active threads = 0, queued tasks = 0, completed tasks = 0], outboundChannel[pool size = 0, active threads = 0, queued tasks = 0, completed tasks = 0], sockJsScheduler[pool size = 4, active threads = 1, queued tasks = 3, completed tasks = 101]
2019-11-14 19:31:03.177  WARN 2164 --- [From YasoThreadFactory's modbus-Worker-1] c.y.alarmserver.component.ModbusCom      : com.ghgande.j2mod.modbus.ModbusIOException: I/O exception - failed to read response for request [11 02 00 22 00 01] - Cannot read from serial port
2019-11-14 19:31:23.277  WARN 2164 --- [From YasoThreadFactory's modbus-Worker-1] c.y.alarmserver.component.ModbusCom      : com.ghgande.j2mod.modbus.ModbusIOException: I/O exception - failed to read response for request [11 02 00 22 00 01] - Cannot read from serial port
2019-11-14 19:31:42.007  WARN 2164 --- [From YasoThreadFactory's modbus-Worker-1] c.y.alarmserver.component.ModbusCom      : com.ghgande.j2mod.modbus.ModbusIOException: I/O exception - failed to read response for request [11 02 00 22 00 01] - Cannot read from serial port
2019-11-14 19:32:01.134  WARN 2164 --- [From YasoThreadFactory's modbus-Worker-1] c.y.alarmserver.component.ModbusCom      : com.ghgande.j2mod.modbus.ModbusIOException: I/O exception - failed to read response for request [11 02 00 22 00 01] - Cannot read from serial port
